<?xml version="1.0" encoding="UTF-8"?>
<testsuite xmlns:xsi="http://www.w3.org/2001/XMLSchema-instance" xsi:noNamespaceSchemaLocation="https://maven.apache.org/surefire/maven-surefire-plugin/xsd/surefire-test-report-3.0.xsd" version="3.0" name="com.dynamodb.demo.AppTest" time="0.101" tests="1" errors="0" skipped="0" failures="0">
  <properties>
    <property name="java.specification.version" value="22"/>
    <property name="sun.cpu.isalist" value="amd64"/>
    <property name="sun.jnu.encoding" value="Cp1252"/>
    <property name="java.class.path" value="C:\Users\rjaswava\Desktop\atlas\Day-31\dynamodb-demo\target\test-classes;C:\Users\rjaswava\Desktop\atlas\Day-31\dynamodb-demo\target\classes;C:\Users\rjaswava\.m2\repository\com\amazonaws\aws-java-sdk-dynamodb\1.12.261\aws-java-sdk-dynamodb-1.12.261.jar;C:\Users\rjaswava\.m2\repository\com\amazonaws\aws-java-sdk-s3\1.12.261\aws-java-sdk-s3-1.12.261.jar;C:\Users\rjaswava\.m2\repository\com\amazonaws\aws-java-sdk-kms\1.12.261\aws-java-sdk-kms-1.12.261.jar;C:\Users\rjaswava\.m2\repository\com\amazonaws\aws-java-sdk-core\1.12.261\aws-java-sdk-core-1.12.261.jar;C:\Users\rjaswava\.m2\repository\commons-logging\commons-logging\1.1.3\commons-logging-1.1.3.jar;C:\Users\rjaswava\.m2\repository\commons-codec\commons-codec\1.15\commons-codec-1.15.jar;C:\Users\rjaswava\.m2\repository\org\apache\httpcomponents\httpclient\4.5.13\httpclient-4.5.13.jar;C:\Users\rjaswava\.m2\repository\org\apache\httpcomponents\httpcore\4.4.13\httpcore-4.4.13.jar;C:\Users\rjaswava\.m2\repository\software\amazon\ion\ion-java\1.0.2\ion-java-1.0.2.jar;C:\Users\rjaswava\.m2\repository\com\fasterxml\jackson\core\jackson-databind\2.12.6.1\jackson-databind-2.12.6.1.jar;C:\Users\rjaswava\.m2\repository\com\fasterxml\jackson\core\jackson-annotations\2.12.6\jackson-annotations-2.12.6.jar;C:\Users\rjaswava\.m2\repository\com\fasterxml\jackson\core\jackson-core\2.12.6\jackson-core-2.12.6.jar;C:\Users\rjaswava\.m2\repository\com\fasterxml\jackson\dataformat\jackson-dataformat-cbor\2.12.6\jackson-dataformat-cbor-2.12.6.jar;C:\Users\rjaswava\.m2\repository\joda-time\joda-time\2.8.1\joda-time-2.8.1.jar;C:\Users\rjaswava\.m2\repository\com\amazonaws\jmespath-java\1.12.261\jmespath-java-1.12.261.jar;C:\Users\rjaswava\.m2\repository\junit\junit\4.13.2\junit-4.13.2.jar;C:\Users\rjaswava\.m2\repository\org\hamcrest\hamcrest-core\1.3\hamcrest-core-1.3.jar;C:\Users\rjaswava\.m2\repository\org\slf4j\slf4j-simple\1.7.30\slf4j-simple-1.7.30.jar;C:\Users\rjaswava\.m2\repository\org\slf4j\slf4j-api\1.7.30\slf4j-api-1.7.30.jar;"/>
    <property name="java.vm.vendor" value="Oracle Corporation"/>
    <property name="sun.arch.data.model" value="64"/>
    <property name="user.variant" value=""/>
    <property name="java.vendor.url" value="https://java.oracle.com/"/>
    <property name="log4j2.formatMsgNoLookups" value="true"/>
    <property name="user.timezone" value="Asia/Calcutta"/>
    <property name="os.name" value="Windows 11"/>
    <property name="java.vm.specification.version" value="22"/>
    <property name="sun.java.launcher" value="SUN_STANDARD"/>
    <property name="user.country" value="US"/>
    <property name="sun.boot.library.path" value="C:\Program Files\Java\jdk-22\bin"/>
    <property name="sun.java.command" value="C:\Users\rjaswava\AppData\Local\Temp\surefire10492123111113539653\surefirebooter-20250906155353316_3.jar C:\Users\rjaswava\AppData\Local\Temp\surefire10492123111113539653 2025-09-06T15-53-52_246-jvmRun1 surefire-20250906155353316_1tmp surefire_0-20250906155353316_2tmp"/>
    <property name="jdk.debug" value="release"/>
    <property name="surefire.test.class.path" value="C:\Users\rjaswava\Desktop\atlas\Day-31\dynamodb-demo\target\test-classes;C:\Users\rjaswava\Desktop\atlas\Day-31\dynamodb-demo\target\classes;C:\Users\rjaswava\.m2\repository\com\amazonaws\aws-java-sdk-dynamodb\1.12.261\aws-java-sdk-dynamodb-1.12.261.jar;C:\Users\rjaswava\.m2\repository\com\amazonaws\aws-java-sdk-s3\1.12.261\aws-java-sdk-s3-1.12.261.jar;C:\Users\rjaswava\.m2\repository\com\amazonaws\aws-java-sdk-kms\1.12.261\aws-java-sdk-kms-1.12.261.jar;C:\Users\rjaswava\.m2\repository\com\amazonaws\aws-java-sdk-core\1.12.261\aws-java-sdk-core-1.12.261.jar;C:\Users\rjaswava\.m2\repository\commons-logging\commons-logging\1.1.3\commons-logging-1.1.3.jar;C:\Users\rjaswava\.m2\repository\commons-codec\commons-codec\1.15\commons-codec-1.15.jar;C:\Users\rjaswava\.m2\repository\org\apache\httpcomponents\httpclient\4.5.13\httpclient-4.5.13.jar;C:\Users\rjaswava\.m2\repository\org\apache\httpcomponents\httpcore\4.4.13\httpcore-4.4.13.jar;C:\Users\rjaswava\.m2\repository\software\amazon\ion\ion-java\1.0.2\ion-java-1.0.2.jar;C:\Users\rjaswava\.m2\repository\com\fasterxml\jackson\core\jackson-databind\2.12.6.1\jackson-databind-2.12.6.1.jar;C:\Users\rjaswava\.m2\repository\com\fasterxml\jackson\core\jackson-annotations\2.12.6\jackson-annotations-2.12.6.jar;C:\Users\rjaswava\.m2\repository\com\fasterxml\jackson\core\jackson-core\2.12.6\jackson-core-2.12.6.jar;C:\Users\rjaswava\.m2\repository\com\fasterxml\jackson\dataformat\jackson-dataformat-cbor\2.12.6\jackson-dataformat-cbor-2.12.6.jar;C:\Users\rjaswava\.m2\repository\joda-time\joda-time\2.8.1\joda-time-2.8.1.jar;C:\Users\rjaswava\.m2\repository\com\amazonaws\jmespath-java\1.12.261\jmespath-java-1.12.261.jar;C:\Users\rjaswava\.m2\repository\junit\junit\4.13.2\junit-4.13.2.jar;C:\Users\rjaswava\.m2\repository\org\hamcrest\hamcrest-core\1.3\hamcrest-core-1.3.jar;C:\Users\rjaswava\.m2\repository\org\slf4j\slf4j-simple\1.7.30\slf4j-simple-1.7.30.jar;C:\Users\rjaswava\.m2\repository\org\slf4j\slf4j-api\1.7.30\slf4j-api-1.7.30.jar;"/>
    <property name="sun.cpu.endian" value="little"/>
    <property name="user.home" value="C:\Users\rjaswava"/>
    <property name="user.language" value="en"/>
    <property name="java.specification.vendor" value="Oracle Corporation"/>
    <property name="java.version.date" value="2024-07-16"/>
    <property name="java.home" value="C:\Program Files\Java\jdk-22"/>
    <property name="file.separator" value="\"/>
    <property name="basedir" value="C:\Users\rjaswava\Desktop\atlas\Day-31\dynamodb-demo"/>
    <property name="java.vm.compressedOopsMode" value="Zero based"/>
    <property name="line.separator" value="&#10;"/>
    <property name="java.vm.specification.vendor" value="Oracle Corporation"/>
    <property name="java.specification.name" value="Java Platform API Specification"/>
    <property name="surefire.real.class.path" value="C:\Users\rjaswava\AppData\Local\Temp\surefire10492123111113539653\surefirebooter-20250906155353316_3.jar"/>
    <property name="user.script" value=""/>
    <property name="sun.management.compiler" value="HotSpot 64-Bit Tiered Compilers"/>
    <property name="java.runtime.version" value="22.0.2+9-70"/>
    <property name="user.name" value="rjaswava"/>
    <property name="stdout.encoding" value="Cp1252"/>
    <property name="path.separator" value=";"/>
    <property name="os.version" value="10.0"/>
    <property name="java.runtime.name" value="Java(TM) SE Runtime Environment"/>
    <property name="file.encoding" value="UTF-8"/>
    <property name="java.vm.name" value="Java HotSpot(TM) 64-Bit Server VM"/>
    <property name="localRepository" value="C:\Users\rjaswava\.m2\repository"/>
    <property name="java.vendor.url.bug" value="https://bugreport.java.com/bugreport/"/>
    <property name="java.io.tmpdir" value="C:\Users\rjaswava\AppData\Local\Temp\"/>
    <property name="java.version" value="22.0.2"/>
    <property name="user.dir" value="C:\Users\rjaswava\Desktop\atlas\Day-31\dynamodb-demo"/>
    <property name="os.arch" value="amd64"/>
    <property name="java.vm.specification.name" value="Java Virtual Machine Specification"/>
    <property name="sun.os.patch.level" value=""/>
    <property name="native.encoding" value="Cp1252"/>
    <property name="java.library.path" value="C:\Program Files\Java\jdk-22\bin;C:\WINDOWS\Sun\Java\bin;C:\WINDOWS\system32;C:\WINDOWS;C:\Program Files\Python313\Scripts\;C:\Program Files\Python313\;C:\Program Files\Common Files\Oracle\Java\javapath;C:\Program Files (x86)\Common Files\Oracle\Java\java8path;C:\Program Files (x86)\Common Files\Oracle\Java\javapath;C:\Program Files\itacsvc;C:\WINDOWS\system32;C:\WINDOWS;C:\WINDOWS\System32\Wbem;C:\WINDOWS\System32\WindowsPowerShell\v1.0\;C:\WINDOWS\System32\OpenSSH\;C:\Program Files\Microsoft VS Code\bin;C:\Program Files\nodejs\;C:\Program Files\PuTTY\;C:\WINDOWS\system32;C:\WINDOWS;C:\WINDOWS\System32\Wbem;C:\WINDOWS\System32\WindowsPowerShell\v1.0\;C:\WINDOWS\System32\OpenSSH\;C:\Program Files\Amazon\AWSCLIV2\;C:\Program Files\Common Files\AmazonMidwayClientSuite\bin\;C:\Program Files (x86)\ACMEGuardian\;C:\Program Files (x86)\Quarantine\;C:\Program Files\Amazon\FOPAzureADMAnagementApp\;C:\Program Files\Java\jdk-22\bin;C:\apache-maven-3.9.11\bin;C:\Program Files (x86)\Windows Kits\10\Windows Performance Toolkit\;C:\Program Files (x86)\WSSH\;C:\Program Files\Git\cmd;C:\Ruby34-x64\bin;C:\Users\rjaswava\AppData\Local\Programs\Python\Launcher\;C:\Users\rjaswava\AppData\Local\Microsoft\WindowsApps;C:\Users\rjaswava\AppData\Roaming\npm;C:\Program Files\JetBrains\IntelliJ IDEA Community Edition 2024.1.4\bin;C:\Users\rjaswava\AppData\Roaming\Python\Python313\Scripts;C:\Users\rjaswava\AppData\Local\Toolbox\bin;C:\Users\rjaswava\AppData\Local\Toolbox\bin;C:\Users\rjaswava\AppData\Local\Toolbox\bin;C:\Users\rjaswava\AppData\Local\Toolbox\bin;C:\Users\rjaswava\AppData\Local\Programs\Microsoft VS Code\bin;c:\Users\rjaswava\AppData\Roaming\Code\User\globalStorage\github.copilot-chat\debugCommand;."/>
    <property name="java.vm.info" value="mixed mode, sharing"/>
    <property name="stderr.encoding" value="Cp1252"/>
    <property name="java.vendor" value="Oracle Corporation"/>
    <property name="java.vm.version" value="22.0.2+9-70"/>
    <property name="sun.io.unicode.encoding" value="UnicodeLittle"/>
    <property name="java.class.version" value="66.0"/>
  </properties>
  <testcase name="shouldAnswerWithTrue" classname="com.dynamodb.demo.AppTest" time="0.005"/>
</testsuite>